Arguments: 
  /Users/averylim/.nvm/versions/node/v10.19.0/bin/node /usr/local/Cellar/yarn/1.22.1/libexec/bin/yarn.js add --dev UglifyJsPlugin

PATH: 
  /Users/averylim/Developer/google-cloud-sdk/bin:/Users/averylim/.nvm/versions/node/v10.19.0/bin:/Users/averylim/bin:/usr/local/bin:/usr/local/bin:/usr/bin:/bin:/usr/sbin:/sbin:/usr/local/MacGPG2/bin

Yarn version: 
  1.22.1

Node version: 
  10.19.0

Platform: 
  darwin x64

Trace: 
  Error: https://registry.yarnpkg.com/UglifyJsPlugin: Not found
      at Request.params.callback [as _callback] (/usr/local/Cellar/yarn/1.22.1/libexec/lib/cli.js:66982:18)
      at Request.self.callback (/usr/local/Cellar/yarn/1.22.1/libexec/lib/cli.js:140743:22)
      at Request.emit (events.js:198:13)
      at Request.<anonymous> (/usr/local/Cellar/yarn/1.22.1/libexec/lib/cli.js:141715:10)
      at Request.emit (events.js:198:13)
      at IncomingMessage.<anonymous> (/usr/local/Cellar/yarn/1.22.1/libexec/lib/cli.js:141637:12)
      at Object.onceWrapper (events.js:286:20)
      at IncomingMessage.emit (events.js:203:15)
      at endReadableNT (_stream_readable.js:1145:12)
      at process._tickCallback (internal/process/next_tick.js:63:19)

npm manifest: 
  {
    "name": "magpay",
    "description": "Magbelle Hair Salon pay slip generator",
    "version": "0.1.0",
    "main": "index.js",
    "license": "MIT",
    "author": "Avery <spacemup@users.noreply.github.com>",
    "engines": {
      "node": "~10.19.0",
      "npm": "~6.9.0"
    },
    "scripts": {},
    "devDependencies": {
      "@babel/plugin-syntax-dynamic-import": "^7.8.3",
      "prettier": "~1.19.1"
    }
  }

yarn manifest: 
  No manifest

Lockfile: 
  # THIS IS AN AUTOGENERATED FILE. DO NOT EDIT THIS FILE DIRECTLY.
  # yarn lockfile v1
  
  
  "@babel/helper-plugin-utils@^7.8.0":
    version "7.8.3"
    resolved "https://registry.yarnpkg.com/@babel/helper-plugin-utils/-/helper-plugin-utils-7.8.3.tgz#9ea293be19babc0f52ff8ca88b34c3611b208670"
    integrity sha512-j+fq49Xds2smCUNYmEHF9kGNkhbet6yVIBp4e6oeQpH1RUs/Ir06xUKzDjDkGcaaokPiTNs2JBWHjaE4csUkZQ==
  
  "@babel/plugin-syntax-dynamic-import@^7.8.3":
    version "7.8.3"
    resolved "https://registry.yarnpkg.com/@babel/plugin-syntax-dynamic-import/-/plugin-syntax-dynamic-import-7.8.3.tgz#62bf98b2da3cd21d626154fc96ee5b3cb68eacb3"
    integrity sha512-5gdGbFon+PszYzqs83S3E5mpi7/y/8M9eC90MRTZfduQOYW76ig6SOSPNe41IG5LoP3FGBn2N0RjVDSQiS94kQ==
    dependencies:
      "@babel/helper-plugin-utils" "^7.8.0"
  
  prettier@~1.19.1:
    version "1.19.1"
    resolved "https://registry.yarnpkg.com/prettier/-/prettier-1.19.1.tgz#f7d7f5ff8a9cd872a7be4ca142095956a60797cb"
    integrity sha512-s7PoyDv/II1ObgQunCbB9PdLmUcBZcnWOcxDh7O0N/UwDEsHyqkW+Qh28jW+mVuCdx7gLB0BotYI1Y6uI9iyew==
